  Determining projects to restore...
  All projects are up-to-date for restore.
  Study4Clone.Domain -> E:\Code\SideProject\Study4Clone\S4C_BE\src\Study4Clone.Domain\bin\Debug\net10.0\Study4Clone.Domain.dll
  Study4Clone.Application -> E:\Code\SideProject\Study4Clone\S4C_BE\src\Study4Clone.Application\bin\Debug\net10.0\Study4Clone.Application.dll
  Study4Clone.Infrastructure -> E:\Code\SideProject\Study4Clone\S4C_BE\src\Study4Clone.Infrastructure\bin\Debug\net10.0\Study4Clone.Infrastructure.dll
  Study4Clone.Api -> E:\Code\SideProject\Study4Clone\S4C_BE\src\Study4Clone.Api\bin\Debug\net10.0\Study4Clone.Api.dll
C:\Program Files\dotnet\sdk\10.0.102\Microsoft.Common.CurrentVersion.targets(2437,5): warning MSB3277: Found conflicts between different versions of "Microsoft.EntityFrameworkCore" that could not be resolved. [E:\Code\SideProject\Study4Clone\S4C_BE\tests\Study4Clone.UnitTests\Study4Clone.UnitTests.csproj]
C:\Program Files\dotnet\sdk\10.0.102\Microsoft.Common.CurrentVersion.targets(2437,5): warning MSB3277: There was a conflict between "Microsoft.EntityFrameworkCore, Version=10.0.0.0, Culture=neutral, PublicKeyToken=adb9793829ddae60" and "Microsoft.EntityFrameworkCore, Version=10.0.2.0, Culture=neutral, PublicKeyToken=adb9793829ddae60". [E:\Code\SideProject\Study4Clone\S4C_BE\tests\Study4Clone.UnitTests\Study4Clone.UnitTests.csproj]
C:\Program Files\dotnet\sdk\10.0.102\Microsoft.Common.CurrentVersion.targets(2437,5): warning MSB3277:     "Microsoft.EntityFrameworkCore, Version=10.0.0.0, Culture=neutral, PublicKeyToken=adb9793829ddae60" was chosen because it was primary and "Microsoft.EntityFrameworkCore, Version=10.0.2.0, Culture=neutral, PublicKeyToken=adb9793829ddae60" was not. [E:\Code\SideProject\Study4Clone\S4C_BE\tests\Study4Clone.UnitTests\Study4Clone.UnitTests.csproj]
C:\Program Files\dotnet\sdk\10.0.102\Microsoft.Common.CurrentVersion.targets(2437,5): warning MSB3277:     References which depend on "Microsoft.EntityFrameworkCore, Version=10.0.0.0, Culture=neutral, PublicKeyToken=adb9793829ddae60" [C:\Users\ADMIN\.nuget\packages\microsoft.entityframeworkcore\10.0.0\lib\net10.0\Microsoft.EntityFrameworkCore.dll]. [E:\Code\SideProject\Study4Clone\S4C_BE\tests\Study4Clone.UnitTests\Study4Clone.UnitTests.csproj]
C:\Program Files\dotnet\sdk\10.0.102\Microsoft.Common.CurrentVersion.targets(2437,5): warning MSB3277:         C:\Users\ADMIN\.nuget\packages\microsoft.entityframeworkcore\10.0.0\lib\net10.0\Microsoft.EntityFrameworkCore.dll [E:\Code\SideProject\Study4Clone\S4C_BE\tests\Study4Clone.UnitTests\Study4Clone.UnitTests.csproj]
C:\Program Files\dotnet\sdk\10.0.102\Microsoft.Common.CurrentVersion.targets(2437,5): warning MSB3277:           Project file item includes which caused reference "C:\Users\ADMIN\.nuget\packages\microsoft.entityframeworkcore\10.0.0\lib\net10.0\Microsoft.EntityFrameworkCore.dll". [E:\Code\SideProject\Study4Clone\S4C_BE\tests\Study4Clone.UnitTests\Study4Clone.UnitTests.csproj]
C:\Program Files\dotnet\sdk\10.0.102\Microsoft.Common.CurrentVersion.targets(2437,5): warning MSB3277:             C:\Users\ADMIN\.nuget\packages\microsoft.entityframeworkcore\10.0.0\lib\net10.0\Microsoft.EntityFrameworkCore.dll [E:\Code\SideProject\Study4Clone\S4C_BE\tests\Study4Clone.UnitTests\Study4Clone.UnitTests.csproj]
C:\Program Files\dotnet\sdk\10.0.102\Microsoft.Common.CurrentVersion.targets(2437,5): warning MSB3277:     References which depend on or have been unified to "Microsoft.EntityFrameworkCore, Version=10.0.2.0, Culture=neutral, PublicKeyToken=adb9793829ddae60" []. [E:\Code\SideProject\Study4Clone\S4C_BE\tests\Study4Clone.UnitTests\Study4Clone.UnitTests.csproj]
C:\Program Files\dotnet\sdk\10.0.102\Microsoft.Common.CurrentVersion.targets(2437,5): warning MSB3277:         E:\Code\SideProject\Study4Clone\S4C_BE\src\Study4Clone.Infrastructure\bin\Debug\net10.0\Study4Clone.Infrastructure.dll [E:\Code\SideProject\Study4Clone\S4C_BE\tests\Study4Clone.UnitTests\Study4Clone.UnitTests.csproj]
C:\Program Files\dotnet\sdk\10.0.102\Microsoft.Common.CurrentVersion.targets(2437,5): warning MSB3277:           Project file item includes which caused reference "E:\Code\SideProject\Study4Clone\S4C_BE\src\Study4Clone.Infrastructure\bin\Debug\net10.0\Study4Clone.Infrastructure.dll". [E:\Code\SideProject\Study4Clone\S4C_BE\tests\Study4Clone.UnitTests\Study4Clone.UnitTests.csproj]
C:\Program Files\dotnet\sdk\10.0.102\Microsoft.Common.CurrentVersion.targets(2437,5): warning MSB3277:             E:\Code\SideProject\Study4Clone\S4C_BE\src\Study4Clone.Infrastructure\bin\Debug\net10.0\Study4Clone.Infrastructure.dll [E:\Code\SideProject\Study4Clone\S4C_BE\tests\Study4Clone.UnitTests\Study4Clone.UnitTests.csproj]
C:\Program Files\dotnet\sdk\10.0.102\Microsoft.Common.CurrentVersion.targets(2437,5): warning MSB3277:             E:\Code\SideProject\Study4Clone\S4C_BE\src\Study4Clone.Api\bin\Debug\net10.0\Study4Clone.Api.dll [E:\Code\SideProject\Study4Clone\S4C_BE\tests\Study4Clone.UnitTests\Study4Clone.UnitTests.csproj]
C:\Program Files\dotnet\sdk\10.0.102\Microsoft.Common.CurrentVersion.targets(2437,5): warning MSB3277: Found conflicts between different versions of "Microsoft.EntityFrameworkCore.Relational" that could not be resolved. [E:\Code\SideProject\Study4Clone\S4C_BE\tests\Study4Clone.UnitTests\Study4Clone.UnitTests.csproj]
C:\Program Files\dotnet\sdk\10.0.102\Microsoft.Common.CurrentVersion.targets(2437,5): warning MSB3277: There was a conflict between "Microsoft.EntityFrameworkCore.Relational, Version=10.0.0.0, Culture=neutral, PublicKeyToken=adb9793829ddae60" and "Microsoft.EntityFrameworkCore.Relational, Version=10.0.2.0, Culture=neutral, PublicKeyToken=adb9793829ddae60". [E:\Code\SideProject\Study4Clone\S4C_BE\tests\Study4Clone.UnitTests\Study4Clone.UnitTests.csproj]
C:\Program Files\dotnet\sdk\10.0.102\Microsoft.Common.CurrentVersion.targets(2437,5): warning MSB3277:     "Microsoft.EntityFrameworkCore.Relational, Version=10.0.0.0, Culture=neutral, PublicKeyToken=adb9793829ddae60" was chosen because it was primary and "Microsoft.EntityFrameworkCore.Relational, Version=10.0.2.0, Culture=neutral, PublicKeyToken=adb9793829ddae60" was not. [E:\Code\SideProject\Study4Clone\S4C_BE\tests\Study4Clone.UnitTests\Study4Clone.UnitTests.csproj]
C:\Program Files\dotnet\sdk\10.0.102\Microsoft.Common.CurrentVersion.targets(2437,5): warning MSB3277:     References which depend on "Microsoft.EntityFrameworkCore.Relational, Version=10.0.0.0, Culture=neutral, PublicKeyToken=adb9793829ddae60" [C:\Users\ADMIN\.nuget\packages\microsoft.entityframeworkcore.relational\10.0.0\lib\net10.0\Microsoft.EntityFrameworkCore.Relational.dll]. [E:\Code\SideProject\Study4Clone\S4C_BE\tests\Study4Clone.UnitTests\Study4Clone.UnitTests.csproj]
C:\Program Files\dotnet\sdk\10.0.102\Microsoft.Common.CurrentVersion.targets(2437,5): warning MSB3277:         C:\Users\ADMIN\.nuget\packages\microsoft.entityframeworkcore.relational\10.0.0\lib\net10.0\Microsoft.EntityFrameworkCore.Relational.dll [E:\Code\SideProject\Study4Clone\S4C_BE\tests\Study4Clone.UnitTests\Study4Clone.UnitTests.csproj]
C:\Program Files\dotnet\sdk\10.0.102\Microsoft.Common.CurrentVersion.targets(2437,5): warning MSB3277:           Project file item includes which caused reference "C:\Users\ADMIN\.nuget\packages\microsoft.entityframeworkcore.relational\10.0.0\lib\net10.0\Microsoft.EntityFrameworkCore.Relational.dll". [E:\Code\SideProject\Study4Clone\S4C_BE\tests\Study4Clone.UnitTests\Study4Clone.UnitTests.csproj]
C:\Program Files\dotnet\sdk\10.0.102\Microsoft.Common.CurrentVersion.targets(2437,5): warning MSB3277:             C:\Users\ADMIN\.nuget\packages\microsoft.entityframeworkcore.relational\10.0.0\lib\net10.0\Microsoft.EntityFrameworkCore.Relational.dll [E:\Code\SideProject\Study4Clone\S4C_BE\tests\Study4Clone.UnitTests\Study4Clone.UnitTests.csproj]
C:\Program Files\dotnet\sdk\10.0.102\Microsoft.Common.CurrentVersion.targets(2437,5): warning MSB3277:     References which depend on or have been unified to "Microsoft.EntityFrameworkCore.Relational, Version=10.0.2.0, Culture=neutral, PublicKeyToken=adb9793829ddae60" []. [E:\Code\SideProject\Study4Clone\S4C_BE\tests\Study4Clone.UnitTests\Study4Clone.UnitTests.csproj]
C:\Program Files\dotnet\sdk\10.0.102\Microsoft.Common.CurrentVersion.targets(2437,5): warning MSB3277:         E:\Code\SideProject\Study4Clone\S4C_BE\src\Study4Clone.Infrastructure\bin\Debug\net10.0\Study4Clone.Infrastructure.dll [E:\Code\SideProject\Study4Clone\S4C_BE\tests\Study4Clone.UnitTests\Study4Clone.UnitTests.csproj]
C:\Program Files\dotnet\sdk\10.0.102\Microsoft.Common.CurrentVersion.targets(2437,5): warning MSB3277:           Project file item includes which caused reference "E:\Code\SideProject\Study4Clone\S4C_BE\src\Study4Clone.Infrastructure\bin\Debug\net10.0\Study4Clone.Infrastructure.dll". [E:\Code\SideProject\Study4Clone\S4C_BE\tests\Study4Clone.UnitTests\Study4Clone.UnitTests.csproj]
C:\Program Files\dotnet\sdk\10.0.102\Microsoft.Common.CurrentVersion.targets(2437,5): warning MSB3277:             E:\Code\SideProject\Study4Clone\S4C_BE\src\Study4Clone.Infrastructure\bin\Debug\net10.0\Study4Clone.Infrastructure.dll [E:\Code\SideProject\Study4Clone\S4C_BE\tests\Study4Clone.UnitTests\Study4Clone.UnitTests.csproj]
C:\Program Files\dotnet\sdk\10.0.102\Microsoft.Common.CurrentVersion.targets(2437,5): warning MSB3277:             E:\Code\SideProject\Study4Clone\S4C_BE\src\Study4Clone.Api\bin\Debug\net10.0\Study4Clone.Api.dll [E:\Code\SideProject\Study4Clone\S4C_BE\tests\Study4Clone.UnitTests\Study4Clone.UnitTests.csproj]
C:\Program Files\dotnet\sdk\10.0.102\Microsoft.Common.CurrentVersion.targets(2437,5): warning MSB3277: Found conflicts between different versions of "Microsoft.EntityFrameworkCore.Abstractions" that could not be resolved. [E:\Code\SideProject\Study4Clone\S4C_BE\tests\Study4Clone.UnitTests\Study4Clone.UnitTests.csproj]
C:\Program Files\dotnet\sdk\10.0.102\Microsoft.Common.CurrentVersion.targets(2437,5): warning MSB3277: There was a conflict between "Microsoft.EntityFrameworkCore.Abstractions, Version=10.0.0.0, Culture=neutral, PublicKeyToken=adb9793829ddae60" and "Microsoft.EntityFrameworkCore.Abstractions, Version=10.0.2.0, Culture=neutral, PublicKeyToken=adb9793829ddae60". [E:\Code\SideProject\Study4Clone\S4C_BE\tests\Study4Clone.UnitTests\Study4Clone.UnitTests.csproj]
C:\Program Files\dotnet\sdk\10.0.102\Microsoft.Common.CurrentVersion.targets(2437,5): warning MSB3277:     "Microsoft.EntityFrameworkCore.Abstractions, Version=10.0.0.0, Culture=neutral, PublicKeyToken=adb9793829ddae60" was chosen because it was primary and "Microsoft.EntityFrameworkCore.Abstractions, Version=10.0.2.0, Culture=neutral, PublicKeyToken=adb9793829ddae60" was not. [E:\Code\SideProject\Study4Clone\S4C_BE\tests\Study4Clone.UnitTests\Study4Clone.UnitTests.csproj]
C:\Program Files\dotnet\sdk\10.0.102\Microsoft.Common.CurrentVersion.targets(2437,5): warning MSB3277:     References which depend on "Microsoft.EntityFrameworkCore.Abstractions, Version=10.0.0.0, Culture=neutral, PublicKeyToken=adb9793829ddae60" [C:\Users\ADMIN\.nuget\packages\microsoft.entityframeworkcore.abstractions\10.0.0\lib\net10.0\Microsoft.EntityFrameworkCore.Abstractions.dll]. [E:\Code\SideProject\Study4Clone\S4C_BE\tests\Study4Clone.UnitTests\Study4Clone.UnitTests.csproj]
C:\Program Files\dotnet\sdk\10.0.102\Microsoft.Common.CurrentVersion.targets(2437,5): warning MSB3277:         C:\Users\ADMIN\.nuget\packages\microsoft.entityframeworkcore.abstractions\10.0.0\lib\net10.0\Microsoft.EntityFrameworkCore.Abstractions.dll [E:\Code\SideProject\Study4Clone\S4C_BE\tests\Study4Clone.UnitTests\Study4Clone.UnitTests.csproj]
C:\Program Files\dotnet\sdk\10.0.102\Microsoft.Common.CurrentVersion.targets(2437,5): warning MSB3277:           Project file item includes which caused reference "C:\Users\ADMIN\.nuget\packages\microsoft.entityframeworkcore.abstractions\10.0.0\lib\net10.0\Microsoft.EntityFrameworkCore.Abstractions.dll". [E:\Code\SideProject\Study4Clone\S4C_BE\tests\Study4Clone.UnitTests\Study4Clone.UnitTests.csproj]
C:\Program Files\dotnet\sdk\10.0.102\Microsoft.Common.CurrentVersion.targets(2437,5): warning MSB3277:             C:\Users\ADMIN\.nuget\packages\microsoft.entityframeworkcore.abstractions\10.0.0\lib\net10.0\Microsoft.EntityFrameworkCore.Abstractions.dll [E:\Code\SideProject\Study4Clone\S4C_BE\tests\Study4Clone.UnitTests\Study4Clone.UnitTests.csproj]
C:\Program Files\dotnet\sdk\10.0.102\Microsoft.Common.CurrentVersion.targets(2437,5): warning MSB3277:     References which depend on or have been unified to "Microsoft.EntityFrameworkCore.Abstractions, Version=10.0.2.0, Culture=neutral, PublicKeyToken=adb9793829ddae60" []. [E:\Code\SideProject\Study4Clone\S4C_BE\tests\Study4Clone.UnitTests\Study4Clone.UnitTests.csproj]
C:\Program Files\dotnet\sdk\10.0.102\Microsoft.Common.CurrentVersion.targets(2437,5): warning MSB3277:         E:\Code\SideProject\Study4Clone\S4C_BE\src\Study4Clone.Infrastructure\bin\Debug\net10.0\Study4Clone.Infrastructure.dll [E:\Code\SideProject\Study4Clone\S4C_BE\tests\Study4Clone.UnitTests\Study4Clone.UnitTests.csproj]
C:\Program Files\dotnet\sdk\10.0.102\Microsoft.Common.CurrentVersion.targets(2437,5): warning MSB3277:           Project file item includes which caused reference "E:\Code\SideProject\Study4Clone\S4C_BE\src\Study4Clone.Infrastructure\bin\Debug\net10.0\Study4Clone.Infrastructure.dll". [E:\Code\SideProject\Study4Clone\S4C_BE\tests\Study4Clone.UnitTests\Study4Clone.UnitTests.csproj]
C:\Program Files\dotnet\sdk\10.0.102\Microsoft.Common.CurrentVersion.targets(2437,5): warning MSB3277:             E:\Code\SideProject\Study4Clone\S4C_BE\src\Study4Clone.Infrastructure\bin\Debug\net10.0\Study4Clone.Infrastructure.dll [E:\Code\SideProject\Study4Clone\S4C_BE\tests\Study4Clone.UnitTests\Study4Clone.UnitTests.csproj]
C:\Program Files\dotnet\sdk\10.0.102\Microsoft.Common.CurrentVersion.targets(2437,5): warning MSB3277:             E:\Code\SideProject\Study4Clone\S4C_BE\src\Study4Clone.Api\bin\Debug\net10.0\Study4Clone.Api.dll [E:\Code\SideProject\Study4Clone\S4C_BE\tests\Study4Clone.UnitTests\Study4Clone.UnitTests.csproj]
E:\Code\SideProject\Study4Clone\S4C_BE\tests\Study4Clone.UnitTests\Services\StatisticsServiceTests.cs(2,7): error CS0246: The type or namespace name 'NSubstitute' could not be found (are you missing a using directive or an assembly reference?) [E:\Code\SideProject\Study4Clone\S4C_BE\tests\Study4Clone.UnitTests\Study4Clone.UnitTests.csproj]

Build FAILED.

C:\Program Files\dotnet\sdk\10.0.102\Microsoft.Common.CurrentVersion.targets(2437,5): warning MSB3277: Found conflicts between different versions of "Microsoft.EntityFrameworkCore" that could not be resolved. [E:\Code\SideProject\Study4Clone\S4C_BE\tests\Study4Clone.UnitTests\Study4Clone.UnitTests.csproj]
C:\Program Files\dotnet\sdk\10.0.102\Microsoft.Common.CurrentVersion.targets(2437,5): warning MSB3277: There was a conflict between "Microsoft.EntityFrameworkCore, Version=10.0.0.0, Culture=neutral, PublicKeyToken=adb9793829ddae60" and "Microsoft.EntityFrameworkCore, Version=10.0.2.0, Culture=neutral, PublicKeyToken=adb9793829ddae60". [E:\Code\SideProject\Study4Clone\S4C_BE\tests\Study4Clone.UnitTests\Study4Clone.UnitTests.csproj]
C:\Program Files\dotnet\sdk\10.0.102\Microsoft.Common.CurrentVersion.targets(2437,5): warning MSB3277:     "Microsoft.EntityFrameworkCore, Version=10.0.0.0, Culture=neutral, PublicKeyToken=adb9793829ddae60" was chosen because it was primary and "Microsoft.EntityFrameworkCore, Version=10.0.2.0, Culture=neutral, PublicKeyToken=adb9793829ddae60" was not. [E:\Code\SideProject\Study4Clone\S4C_BE\tests\Study4Clone.UnitTests\Study4Clone.UnitTests.csproj]
C:\Program Files\dotnet\sdk\10.0.102\Microsoft.Common.CurrentVersion.targets(2437,5): warning MSB3277:     References which depend on "Microsoft.EntityFrameworkCore, Version=10.0.0.0, Culture=neutral, PublicKeyToken=adb9793829ddae60" [C:\Users\ADMIN\.nuget\packages\microsoft.entityframeworkcore\10.0.0\lib\net10.0\Microsoft.EntityFrameworkCore.dll]. [E:\Code\SideProject\Study4Clone\S4C_BE\tests\Study4Clone.UnitTests\Study4Clone.UnitTests.csproj]
C:\Program Files\dotnet\sdk\10.0.102\Microsoft.Common.CurrentVersion.targets(2437,5): warning MSB3277:         C:\Users\ADMIN\.nuget\packages\microsoft.entityframeworkcore\10.0.0\lib\net10.0\Microsoft.EntityFrameworkCore.dll [E:\Code\SideProject\Study4Clone\S4C_BE\tests\Study4Clone.UnitTests\Study4Clone.UnitTests.csproj]
C:\Program Files\dotnet\sdk\10.0.102\Microsoft.Common.CurrentVersion.targets(2437,5): warning MSB3277:           Project file item includes which caused reference "C:\Users\ADMIN\.nuget\packages\microsoft.entityframeworkcore\10.0.0\lib\net10.0\Microsoft.EntityFrameworkCore.dll". [E:\Code\SideProject\Study4Clone\S4C_BE\tests\Study4Clone.UnitTests\Study4Clone.UnitTests.csproj]
C:\Program Files\dotnet\sdk\10.0.102\Microsoft.Common.CurrentVersion.targets(2437,5): warning MSB3277:             C:\Users\ADMIN\.nuget\packages\microsoft.entityframeworkcore\10.0.0\lib\net10.0\Microsoft.EntityFrameworkCore.dll [E:\Code\SideProject\Study4Clone\S4C_BE\tests\Study4Clone.UnitTests\Study4Clone.UnitTests.csproj]
C:\Program Files\dotnet\sdk\10.0.102\Microsoft.Common.CurrentVersion.targets(2437,5): warning MSB3277:     References which depend on or have been unified to "Microsoft.EntityFrameworkCore, Version=10.0.2.0, Culture=neutral, PublicKeyToken=adb9793829ddae60" []. [E:\Code\SideProject\Study4Clone\S4C_BE\tests\Study4Clone.UnitTests\Study4Clone.UnitTests.csproj]
C:\Program Files\dotnet\sdk\10.0.102\Microsoft.Common.CurrentVersion.targets(2437,5): warning MSB3277:         E:\Code\SideProject\Study4Clone\S4C_BE\src\Study4Clone.Infrastructure\bin\Debug\net10.0\Study4Clone.Infrastructure.dll [E:\Code\SideProject\Study4Clone\S4C_BE\tests\Study4Clone.UnitTests\Study4Clone.UnitTests.csproj]
C:\Program Files\dotnet\sdk\10.0.102\Microsoft.Common.CurrentVersion.targets(2437,5): warning MSB3277:           Project file item includes which caused reference "E:\Code\SideProject\Study4Clone\S4C_BE\src\Study4Clone.Infrastructure\bin\Debug\net10.0\Study4Clone.Infrastructure.dll". [E:\Code\SideProject\Study4Clone\S4C_BE\tests\Study4Clone.UnitTests\Study4Clone.UnitTests.csproj]
C:\Program Files\dotnet\sdk\10.0.102\Microsoft.Common.CurrentVersion.targets(2437,5): warning MSB3277:             E:\Code\SideProject\Study4Clone\S4C_BE\src\Study4Clone.Infrastructure\bin\Debug\net10.0\Study4Clone.Infrastructure.dll [E:\Code\SideProject\Study4Clone\S4C_BE\tests\Study4Clone.UnitTests\Study4Clone.UnitTests.csproj]
C:\Program Files\dotnet\sdk\10.0.102\Microsoft.Common.CurrentVersion.targets(2437,5): warning MSB3277:             E:\Code\SideProject\Study4Clone\S4C_BE\src\Study4Clone.Api\bin\Debug\net10.0\Study4Clone.Api.dll [E:\Code\SideProject\Study4Clone\S4C_BE\tests\Study4Clone.UnitTests\Study4Clone.UnitTests.csproj]
C:\Program Files\dotnet\sdk\10.0.102\Microsoft.Common.CurrentVersion.targets(2437,5): warning MSB3277: Found conflicts between different versions of "Microsoft.EntityFrameworkCore.Relational" that could not be resolved. [E:\Code\SideProject\Study4Clone\S4C_BE\tests\Study4Clone.UnitTests\Study4Clone.UnitTests.csproj]
C:\Program Files\dotnet\sdk\10.0.102\Microsoft.Common.CurrentVersion.targets(2437,5): warning MSB3277: There was a conflict between "Microsoft.EntityFrameworkCore.Relational, Version=10.0.0.0, Culture=neutral, PublicKeyToken=adb9793829ddae60" and "Microsoft.EntityFrameworkCore.Relational, Version=10.0.2.0, Culture=neutral, PublicKeyToken=adb9793829ddae60". [E:\Code\SideProject\Study4Clone\S4C_BE\tests\Study4Clone.UnitTests\Study4Clone.UnitTests.csproj]
C:\Program Files\dotnet\sdk\10.0.102\Microsoft.Common.CurrentVersion.targets(2437,5): warning MSB3277:     "Microsoft.EntityFrameworkCore.Relational, Version=10.0.0.0, Culture=neutral, PublicKeyToken=adb9793829ddae60" was chosen because it was primary and "Microsoft.EntityFrameworkCore.Relational, Version=10.0.2.0, Culture=neutral, PublicKeyToken=adb9793829ddae60" was not. [E:\Code\SideProject\Study4Clone\S4C_BE\tests\Study4Clone.UnitTests\Study4Clone.UnitTests.csproj]
C:\Program Files\dotnet\sdk\10.0.102\Microsoft.Common.CurrentVersion.targets(2437,5): warning MSB3277:     References which depend on "Microsoft.EntityFrameworkCore.Relational, Version=10.0.0.0, Culture=neutral, PublicKeyToken=adb9793829ddae60" [C:\Users\ADMIN\.nuget\packages\microsoft.entityframeworkcore.relational\10.0.0\lib\net10.0\Microsoft.EntityFrameworkCore.Relational.dll]. [E:\Code\SideProject\Study4Clone\S4C_BE\tests\Study4Clone.UnitTests\Study4Clone.UnitTests.csproj]
C:\Program Files\dotnet\sdk\10.0.102\Microsoft.Common.CurrentVersion.targets(2437,5): warning MSB3277:         C:\Users\ADMIN\.nuget\packages\microsoft.entityframeworkcore.relational\10.0.0\lib\net10.0\Microsoft.EntityFrameworkCore.Relational.dll [E:\Code\SideProject\Study4Clone\S4C_BE\tests\Study4Clone.UnitTests\Study4Clone.UnitTests.csproj]
C:\Program Files\dotnet\sdk\10.0.102\Microsoft.Common.CurrentVersion.targets(2437,5): warning MSB3277:           Project file item includes which caused reference "C:\Users\ADMIN\.nuget\packages\microsoft.entityframeworkcore.relational\10.0.0\lib\net10.0\Microsoft.EntityFrameworkCore.Relational.dll". [E:\Code\SideProject\Study4Clone\S4C_BE\tests\Study4Clone.UnitTests\Study4Clone.UnitTests.csproj]
C:\Program Files\dotnet\sdk\10.0.102\Microsoft.Common.CurrentVersion.targets(2437,5): warning MSB3277:             C:\Users\ADMIN\.nuget\packages\microsoft.entityframeworkcore.relational\10.0.0\lib\net10.0\Microsoft.EntityFrameworkCore.Relational.dll [E:\Code\SideProject\Study4Clone\S4C_BE\tests\Study4Clone.UnitTests\Study4Clone.UnitTests.csproj]
C:\Program Files\dotnet\sdk\10.0.102\Microsoft.Common.CurrentVersion.targets(2437,5): warning MSB3277:     References which depend on or have been unified to "Microsoft.EntityFrameworkCore.Relational, Version=10.0.2.0, Culture=neutral, PublicKeyToken=adb9793829ddae60" []. [E:\Code\SideProject\Study4Clone\S4C_BE\tests\Study4Clone.UnitTests\Study4Clone.UnitTests.csproj]
C:\Program Files\dotnet\sdk\10.0.102\Microsoft.Common.CurrentVersion.targets(2437,5): warning MSB3277:         E:\Code\SideProject\Study4Clone\S4C_BE\src\Study4Clone.Infrastructure\bin\Debug\net10.0\Study4Clone.Infrastructure.dll [E:\Code\SideProject\Study4Clone\S4C_BE\tests\Study4Clone.UnitTests\Study4Clone.UnitTests.csproj]
C:\Program Files\dotnet\sdk\10.0.102\Microsoft.Common.CurrentVersion.targets(2437,5): warning MSB3277:           Project file item includes which caused reference "E:\Code\SideProject\Study4Clone\S4C_BE\src\Study4Clone.Infrastructure\bin\Debug\net10.0\Study4Clone.Infrastructure.dll". [E:\Code\SideProject\Study4Clone\S4C_BE\tests\Study4Clone.UnitTests\Study4Clone.UnitTests.csproj]
C:\Program Files\dotnet\sdk\10.0.102\Microsoft.Common.CurrentVersion.targets(2437,5): warning MSB3277:             E:\Code\SideProject\Study4Clone\S4C_BE\src\Study4Clone.Infrastructure\bin\Debug\net10.0\Study4Clone.Infrastructure.dll [E:\Code\SideProject\Study4Clone\S4C_BE\tests\Study4Clone.UnitTests\Study4Clone.UnitTests.csproj]
C:\Program Files\dotnet\sdk\10.0.102\Microsoft.Common.CurrentVersion.targets(2437,5): warning MSB3277:             E:\Code\SideProject\Study4Clone\S4C_BE\src\Study4Clone.Api\bin\Debug\net10.0\Study4Clone.Api.dll [E:\Code\SideProject\Study4Clone\S4C_BE\tests\Study4Clone.UnitTests\Study4Clone.UnitTests.csproj]
C:\Program Files\dotnet\sdk\10.0.102\Microsoft.Common.CurrentVersion.targets(2437,5): warning MSB3277: Found conflicts between different versions of "Microsoft.EntityFrameworkCore.Abstractions" that could not be resolved. [E:\Code\SideProject\Study4Clone\S4C_BE\tests\Study4Clone.UnitTests\Study4Clone.UnitTests.csproj]
C:\Program Files\dotnet\sdk\10.0.102\Microsoft.Common.CurrentVersion.targets(2437,5): warning MSB3277: There was a conflict between "Microsoft.EntityFrameworkCore.Abstractions, Version=10.0.0.0, Culture=neutral, PublicKeyToken=adb9793829ddae60" and "Microsoft.EntityFrameworkCore.Abstractions, Version=10.0.2.0, Culture=neutral, PublicKeyToken=adb9793829ddae60". [E:\Code\SideProject\Study4Clone\S4C_BE\tests\Study4Clone.UnitTests\Study4Clone.UnitTests.csproj]
C:\Program Files\dotnet\sdk\10.0.102\Microsoft.Common.CurrentVersion.targets(2437,5): warning MSB3277:     "Microsoft.EntityFrameworkCore.Abstractions, Version=10.0.0.0, Culture=neutral, PublicKeyToken=adb9793829ddae60" was chosen because it was primary and "Microsoft.EntityFrameworkCore.Abstractions, Version=10.0.2.0, Culture=neutral, PublicKeyToken=adb9793829ddae60" was not. [E:\Code\SideProject\Study4Clone\S4C_BE\tests\Study4Clone.UnitTests\Study4Clone.UnitTests.csproj]
C:\Program Files\dotnet\sdk\10.0.102\Microsoft.Common.CurrentVersion.targets(2437,5): warning MSB3277:     References which depend on "Microsoft.EntityFrameworkCore.Abstractions, Version=10.0.0.0, Culture=neutral, PublicKeyToken=adb9793829ddae60" [C:\Users\ADMIN\.nuget\packages\microsoft.entityframeworkcore.abstractions\10.0.0\lib\net10.0\Microsoft.EntityFrameworkCore.Abstractions.dll]. [E:\Code\SideProject\Study4Clone\S4C_BE\tests\Study4Clone.UnitTests\Study4Clone.UnitTests.csproj]
C:\Program Files\dotnet\sdk\10.0.102\Microsoft.Common.CurrentVersion.targets(2437,5): warning MSB3277:         C:\Users\ADMIN\.nuget\packages\microsoft.entityframeworkcore.abstractions\10.0.0\lib\net10.0\Microsoft.EntityFrameworkCore.Abstractions.dll [E:\Code\SideProject\Study4Clone\S4C_BE\tests\Study4Clone.UnitTests\Study4Clone.UnitTests.csproj]
C:\Program Files\dotnet\sdk\10.0.102\Microsoft.Common.CurrentVersion.targets(2437,5): warning MSB3277:           Project file item includes which caused reference "C:\Users\ADMIN\.nuget\packages\microsoft.entityframeworkcore.abstractions\10.0.0\lib\net10.0\Microsoft.EntityFrameworkCore.Abstractions.dll". [E:\Code\SideProject\Study4Clone\S4C_BE\tests\Study4Clone.UnitTests\Study4Clone.UnitTests.csproj]
C:\Program Files\dotnet\sdk\10.0.102\Microsoft.Common.CurrentVersion.targets(2437,5): warning MSB3277:             C:\Users\ADMIN\.nuget\packages\microsoft.entityframeworkcore.abstractions\10.0.0\lib\net10.0\Microsoft.EntityFrameworkCore.Abstractions.dll [E:\Code\SideProject\Study4Clone\S4C_BE\tests\Study4Clone.UnitTests\Study4Clone.UnitTests.csproj]
C:\Program Files\dotnet\sdk\10.0.102\Microsoft.Common.CurrentVersion.targets(2437,5): warning MSB3277:     References which depend on or have been unified to "Microsoft.EntityFrameworkCore.Abstractions, Version=10.0.2.0, Culture=neutral, PublicKeyToken=adb9793829ddae60" []. [E:\Code\SideProject\Study4Clone\S4C_BE\tests\Study4Clone.UnitTests\Study4Clone.UnitTests.csproj]
C:\Program Files\dotnet\sdk\10.0.102\Microsoft.Common.CurrentVersion.targets(2437,5): warning MSB3277:         E:\Code\SideProject\Study4Clone\S4C_BE\src\Study4Clone.Infrastructure\bin\Debug\net10.0\Study4Clone.Infrastructure.dll [E:\Code\SideProject\Study4Clone\S4C_BE\tests\Study4Clone.UnitTests\Study4Clone.UnitTests.csproj]
C:\Program Files\dotnet\sdk\10.0.102\Microsoft.Common.CurrentVersion.targets(2437,5): warning MSB3277:           Project file item includes which caused reference "E:\Code\SideProject\Study4Clone\S4C_BE\src\Study4Clone.Infrastructure\bin\Debug\net10.0\Study4Clone.Infrastructure.dll". [E:\Code\SideProject\Study4Clone\S4C_BE\tests\Study4Clone.UnitTests\Study4Clone.UnitTests.csproj]
C:\Program Files\dotnet\sdk\10.0.102\Microsoft.Common.CurrentVersion.targets(2437,5): warning MSB3277:             E:\Code\SideProject\Study4Clone\S4C_BE\src\Study4Clone.Infrastructure\bin\Debug\net10.0\Study4Clone.Infrastructure.dll [E:\Code\SideProject\Study4Clone\S4C_BE\tests\Study4Clone.UnitTests\Study4Clone.UnitTests.csproj]
C:\Program Files\dotnet\sdk\10.0.102\Microsoft.Common.CurrentVersion.targets(2437,5): warning MSB3277:             E:\Code\SideProject\Study4Clone\S4C_BE\src\Study4Clone.Api\bin\Debug\net10.0\Study4Clone.Api.dll [E:\Code\SideProject\Study4Clone\S4C_BE\tests\Study4Clone.UnitTests\Study4Clone.UnitTests.csproj]
E:\Code\SideProject\Study4Clone\S4C_BE\tests\Study4Clone.UnitTests\Services\StatisticsServiceTests.cs(2,7): error CS0246: The type or namespace name 'NSubstitute' could not be found (are you missing a using directive or an assembly reference?) [E:\Code\SideProject\Study4Clone\S4C_BE\tests\Study4Clone.UnitTests\Study4Clone.UnitTests.csproj]
    3 Warning(s)
    1 Error(s)

Time Elapsed 00:00:02.69
